Determining if the function sgemm_ exists failed with the following output:
Change Dir: /team-SLAM/build/CMakeFiles/CMakeTmp

Run Build Command(s):/usr/bin/ninja cmTC_eda3e && [1/2] Building C object CMakeFiles/cmTC_eda3e.dir/CheckFunctionExists.c.o
[2/2] Linking C executable cmTC_eda3e
FAILED: cmTC_eda3e 
: && /usr/bin/cc -DCHECK_FUNCTION_EXISTS=sgemm_   CMakeFiles/cmTC_eda3e.dir/CheckFunctionExists.c.o  -o cmTC_eda3e   && :
/usr/bin/ld: CMakeFiles/cmTC_eda3e.dir/CheckFunctionExists.c.o: in function `main':
CheckFunctionExists.c:(.text+0x14): undefined reference to `sgemm_'
collect2: error: ld returned 1 exit status
ninja: build stopped: subcommand failed.



Performing C SOURCE FILE Test CMAKE_HAVE_LIBC_PTHREAD failed with the following output:
Change Dir: /team-SLAM/build/CMakeFiles/CMakeTmp

Run Build Command(s):/usr/bin/ninja cmTC_69d5c && [1/2] Building C object CMakeFiles/cmTC_69d5c.dir/src.c.o
[2/2] Linking C executable cmTC_69d5c
FAILED: cmTC_69d5c 
: && /usr/bin/cc -DCMAKE_HAVE_LIBC_PTHREAD   CMakeFiles/cmTC_69d5c.dir/src.c.o  -o cmTC_69d5c   && :
/usr/bin/ld: CMakeFiles/cmTC_69d5c.dir/src.c.o: in function `main':
src.c:(.text+0x46): undefined reference to `pthread_create'
/usr/bin/ld: src.c:(.text+0x52): undefined reference to `pthread_detach'
/usr/bin/ld: src.c:(.text+0x63): undefined reference to `pthread_join'
collect2: error: ld returned 1 exit status
ninja: build stopped: subcommand failed.


Source file was:
#include <pthread.h>

void* test_func(void* data)
{
  return data;
}

int main(void)
{
  pthread_t thread;
  pthread_create(&thread, NULL, test_func, NULL);
  pthread_detach(thread);
  pthread_join(thread, NULL);
  pthread_atfork(NULL, NULL, NULL);
  pthread_exit(NULL);

  return 0;
}

Determining if the function pthread_create exists in the pthreads failed with the following output:
Change Dir: /team-SLAM/build/CMakeFiles/CMakeTmp

Run Build Command(s):/usr/bin/ninja cmTC_58bbc && [1/2] Building C object CMakeFiles/cmTC_58bbc.dir/CheckFunctionExists.c.o
[2/2] Linking C executable cmTC_58bbc
FAILED: cmTC_58bbc 
: && /usr/bin/cc -DCHECK_FUNCTION_EXISTS=pthread_create   CMakeFiles/cmTC_58bbc.dir/CheckFunctionExists.c.o  -o cmTC_58bbc  -lpthreads && :
/usr/bin/ld: cannot find -lpthreads
collect2: error: ld returned 1 exit status
ninja: build stopped: subcommand failed.



Determining if the function cheev_ exists failed with the following output:
Change Dir: /team-SLAM/build/CMakeFiles/CMakeTmp

Run Build Command(s):/usr/bin/ninja cmTC_5de23 && [1/2] Building C object CMakeFiles/cmTC_5de23.dir/CheckFunctionExists.c.o
[2/2] Linking C executable cmTC_5de23
FAILED: cmTC_5de23 
: && /usr/bin/cc -DCHECK_FUNCTION_EXISTS=cheev_   CMakeFiles/cmTC_5de23.dir/CheckFunctionExists.c.o  -o cmTC_5de23  /usr/lib/x86_64-linux-gnu/libf77blas.so  /usr/lib/x86_64-linux-gnu/libatlas.so && :
/usr/bin/ld: CMakeFiles/cmTC_5de23.dir/CheckFunctionExists.c.o: in function `main':
CheckFunctionExists.c:(.text+0x14): undefined reference to `cheev_'
collect2: error: ld returned 1 exit status
ninja: build stopped: subcommand failed.



